CRITICAL - 2022-04-09 18:48:40 --> syntax error, unexpected token "echo", expecting "," or ";"
#0 C:\Users\julia\Documents\IFRS\DSI\loja-games\system\View\View.php(213): CodeIgniter\View\View->CodeIgniter\View\{closure}()
#1 C:\Users\julia\Documents\IFRS\DSI\loja-games\system\Common.php(1089): CodeIgniter\View\View->render('index', Array, true)
#2 C:\Users\julia\Documents\IFRS\DSI\loja-games\app\Controllers\Home.php(9): view('index')
#3 C:\Users\julia\Documents\IFRS\DSI\loja-games\system\CodeIgniter.php(832): App\Controllers\Home->index()
#4 C:\Users\julia\Documents\IFRS\DSI\loja-games\system\CodeIgniter.php(419): CodeIgniter\CodeIgniter->runController(Object(App\Controllers\Home))
#5 C:\Users\julia\Documents\IFRS\DSI\loja-games\system\CodeIgniter.php(326): CodeIgniter\CodeIgniter->handleRequest(NULL, Object(Config\Cache), false)
#6 C:\Users\julia\Documents\IFRS\DSI\loja-games\public\index.php(37): CodeIgniter\CodeIgniter->run()
#7 C:\Users\julia\Documents\IFRS\DSI\loja-games\system\Commands\Server\rewrite.php(43): require_once('C:\\Users\\julia\\...')
#8 {main}
CRITICAL - 2022-04-09 18:48:41 --> syntax error, unexpected token "echo", expecting "," or ";"
#0 C:\Users\julia\Documents\IFRS\DSI\loja-games\system\View\View.php(213): CodeIgniter\View\View->CodeIgniter\View\{closure}()
#1 C:\Users\julia\Documents\IFRS\DSI\loja-games\system\Common.php(1089): CodeIgniter\View\View->render('index', Array, true)
#2 C:\Users\julia\Documents\IFRS\DSI\loja-games\app\Controllers\Home.php(9): view('index')
#3 C:\Users\julia\Documents\IFRS\DSI\loja-games\system\CodeIgniter.php(832): App\Controllers\Home->index()
#4 C:\Users\julia\Documents\IFRS\DSI\loja-games\system\CodeIgniter.php(419): CodeIgniter\CodeIgniter->runController(Object(App\Controllers\Home))
#5 C:\Users\julia\Documents\IFRS\DSI\loja-games\system\CodeIgniter.php(326): CodeIgniter\CodeIgniter->handleRequest(NULL, Object(Config\Cache), false)
#6 C:\Users\julia\Documents\IFRS\DSI\loja-games\public\index.php(37): CodeIgniter\CodeIgniter->run()
#7 C:\Users\julia\Documents\IFRS\DSI\loja-games\system\Commands\Server\rewrite.php(43): require_once('C:\\Users\\julia\\...')
#8 {main}
CRITICAL - 2022-04-09 19:02:11 --> Call to undefined function link_tag()
#0 C:\Users\julia\Documents\IFRS\DSI\loja-games\system\View\View.php(210): include()
#1 C:\Users\julia\Documents\IFRS\DSI\loja-games\system\View\View.php(213): CodeIgniter\View\View->CodeIgniter\View\{closure}()
#2 C:\Users\julia\Documents\IFRS\DSI\loja-games\system\Common.php(1089): CodeIgniter\View\View->render('index', Array, true)
#3 C:\Users\julia\Documents\IFRS\DSI\loja-games\app\Controllers\Home.php(9): view('index')
#4 C:\Users\julia\Documents\IFRS\DSI\loja-games\system\CodeIgniter.php(832): App\Controllers\Home->index()
#5 C:\Users\julia\Documents\IFRS\DSI\loja-games\system\CodeIgniter.php(419): CodeIgniter\CodeIgniter->runController(Object(App\Controllers\Home))
#6 C:\Users\julia\Documents\IFRS\DSI\loja-games\system\CodeIgniter.php(326): CodeIgniter\CodeIgniter->handleRequest(NULL, Object(Config\Cache), false)
#7 C:\Users\julia\Documents\IFRS\DSI\loja-games\public\index.php(37): CodeIgniter\CodeIgniter->run()
#8 C:\Users\julia\Documents\IFRS\DSI\loja-games\system\Commands\Server\rewrite.php(43): require_once('C:\\Users\\julia\\...')
#9 {main}
CRITICAL - 2022-04-09 19:02:12 --> Call to undefined function link_tag()
#0 C:\Users\julia\Documents\IFRS\DSI\loja-games\system\View\View.php(210): include()
#1 C:\Users\julia\Documents\IFRS\DSI\loja-games\system\View\View.php(213): CodeIgniter\View\View->CodeIgniter\View\{closure}()
#2 C:\Users\julia\Documents\IFRS\DSI\loja-games\system\Common.php(1089): CodeIgniter\View\View->render('index', Array, true)
#3 C:\Users\julia\Documents\IFRS\DSI\loja-games\app\Controllers\Home.php(9): view('index')
#4 C:\Users\julia\Documents\IFRS\DSI\loja-games\system\CodeIgniter.php(832): App\Controllers\Home->index()
#5 C:\Users\julia\Documents\IFRS\DSI\loja-games\system\CodeIgniter.php(419): CodeIgniter\CodeIgniter->runController(Object(App\Controllers\Home))
#6 C:\Users\julia\Documents\IFRS\DSI\loja-games\system\CodeIgniter.php(326): CodeIgniter\CodeIgniter->handleRequest(NULL, Object(Config\Cache), false)
#7 C:\Users\julia\Documents\IFRS\DSI\loja-games\public\index.php(37): CodeIgniter\CodeIgniter->run()
#8 C:\Users\julia\Documents\IFRS\DSI\loja-games\system\Commands\Server\rewrite.php(43): require_once('C:\\Users\\julia\\...')
#9 {main}
CRITICAL - 2022-04-09 19:02:19 --> Call to undefined function link_tag()
#0 C:\Users\julia\Documents\IFRS\DSI\loja-games\system\View\View.php(210): include()
#1 C:\Users\julia\Documents\IFRS\DSI\loja-games\system\View\View.php(213): CodeIgniter\View\View->CodeIgniter\View\{closure}()
#2 C:\Users\julia\Documents\IFRS\DSI\loja-games\system\Common.php(1089): CodeIgniter\View\View->render('index', Array, true)
#3 C:\Users\julia\Documents\IFRS\DSI\loja-games\app\Controllers\Home.php(9): view('index')
#4 C:\Users\julia\Documents\IFRS\DSI\loja-games\system\CodeIgniter.php(832): App\Controllers\Home->index()
#5 C:\Users\julia\Documents\IFRS\DSI\loja-games\system\CodeIgniter.php(419): CodeIgniter\CodeIgniter->runController(Object(App\Controllers\Home))
#6 C:\Users\julia\Documents\IFRS\DSI\loja-games\system\CodeIgniter.php(326): CodeIgniter\CodeIgniter->handleRequest(NULL, Object(Config\Cache), false)
#7 C:\Users\julia\Documents\IFRS\DSI\loja-games\public\index.php(37): CodeIgniter\CodeIgniter->run()
#8 C:\Users\julia\Documents\IFRS\DSI\loja-games\system\Commands\Server\rewrite.php(43): require_once('C:\\Users\\julia\\...')
#9 {main}
CRITICAL - 2022-04-09 19:02:19 --> Call to undefined function link_tag()
#0 C:\Users\julia\Documents\IFRS\DSI\loja-games\system\View\View.php(210): include()
#1 C:\Users\julia\Documents\IFRS\DSI\loja-games\system\View\View.php(213): CodeIgniter\View\View->CodeIgniter\View\{closure}()
#2 C:\Users\julia\Documents\IFRS\DSI\loja-games\system\Common.php(1089): CodeIgniter\View\View->render('index', Array, true)
#3 C:\Users\julia\Documents\IFRS\DSI\loja-games\app\Controllers\Home.php(9): view('index')
#4 C:\Users\julia\Documents\IFRS\DSI\loja-games\system\CodeIgniter.php(832): App\Controllers\Home->index()
#5 C:\Users\julia\Documents\IFRS\DSI\loja-games\system\CodeIgniter.php(419): CodeIgniter\CodeIgniter->runController(Object(App\Controllers\Home))
#6 C:\Users\julia\Documents\IFRS\DSI\loja-games\system\CodeIgniter.php(326): CodeIgniter\CodeIgniter->handleRequest(NULL, Object(Config\Cache), false)
#7 C:\Users\julia\Documents\IFRS\DSI\loja-games\public\index.php(37): CodeIgniter\CodeIgniter->run()
#8 C:\Users\julia\Documents\IFRS\DSI\loja-games\system\Commands\Server\rewrite.php(43): require_once('C:\\Users\\julia\\...')
#9 {main}
CRITICAL - 2022-04-09 19:02:26 --> Call to undefined function link_tag()
#0 C:\Users\julia\Documents\IFRS\DSI\loja-games\system\View\View.php(210): include()
#1 C:\Users\julia\Documents\IFRS\DSI\loja-games\system\View\View.php(213): CodeIgniter\View\View->CodeIgniter\View\{closure}()
#2 C:\Users\julia\Documents\IFRS\DSI\loja-games\system\Common.php(1089): CodeIgniter\View\View->render('index', Array, true)
#3 C:\Users\julia\Documents\IFRS\DSI\loja-games\app\Controllers\Home.php(9): view('index')
#4 C:\Users\julia\Documents\IFRS\DSI\loja-games\system\CodeIgniter.php(832): App\Controllers\Home->index()
#5 C:\Users\julia\Documents\IFRS\DSI\loja-games\system\CodeIgniter.php(419): CodeIgniter\CodeIgniter->runController(Object(App\Controllers\Home))
#6 C:\Users\julia\Documents\IFRS\DSI\loja-games\system\CodeIgniter.php(326): CodeIgniter\CodeIgniter->handleRequest(NULL, Object(Config\Cache), false)
#7 C:\Users\julia\Documents\IFRS\DSI\loja-games\public\index.php(37): CodeIgniter\CodeIgniter->run()
#8 C:\Users\julia\Documents\IFRS\DSI\loja-games\system\Commands\Server\rewrite.php(43): require_once('C:\\Users\\julia\\...')
#9 {main}
CRITICAL - 2022-04-09 19:02:27 --> Call to undefined function link_tag()
#0 C:\Users\julia\Documents\IFRS\DSI\loja-games\system\View\View.php(210): include()
#1 C:\Users\julia\Documents\IFRS\DSI\loja-games\system\View\View.php(213): CodeIgniter\View\View->CodeIgniter\View\{closure}()
#2 C:\Users\julia\Documents\IFRS\DSI\loja-games\system\Common.php(1089): CodeIgniter\View\View->render('index', Array, true)
#3 C:\Users\julia\Documents\IFRS\DSI\loja-games\app\Controllers\Home.php(9): view('index')
#4 C:\Users\julia\Documents\IFRS\DSI\loja-games\system\CodeIgniter.php(832): App\Controllers\Home->index()
#5 C:\Users\julia\Documents\IFRS\DSI\loja-games\system\CodeIgniter.php(419): CodeIgniter\CodeIgniter->runController(Object(App\Controllers\Home))
#6 C:\Users\julia\Documents\IFRS\DSI\loja-games\system\CodeIgniter.php(326): CodeIgniter\CodeIgniter->handleRequest(NULL, Object(Config\Cache), false)
#7 C:\Users\julia\Documents\IFRS\DSI\loja-games\public\index.php(37): CodeIgniter\CodeIgniter->run()
#8 C:\Users\julia\Documents\IFRS\DSI\loja-games\system\Commands\Server\rewrite.php(43): require_once('C:\\Users\\julia\\...')
#9 {main}
CRITICAL - 2022-04-09 19:02:32 --> Call to undefined function link_tag()
#0 C:\Users\julia\Documents\IFRS\DSI\loja-games\system\View\View.php(210): include()
#1 C:\Users\julia\Documents\IFRS\DSI\loja-games\system\View\View.php(213): CodeIgniter\View\View->CodeIgniter\View\{closure}()
#2 C:\Users\julia\Documents\IFRS\DSI\loja-games\system\Common.php(1089): CodeIgniter\View\View->render('index', Array, true)
#3 C:\Users\julia\Documents\IFRS\DSI\loja-games\app\Controllers\Home.php(9): view('index')
#4 C:\Users\julia\Documents\IFRS\DSI\loja-games\system\CodeIgniter.php(832): App\Controllers\Home->index()
#5 C:\Users\julia\Documents\IFRS\DSI\loja-games\system\CodeIgniter.php(419): CodeIgniter\CodeIgniter->runController(Object(App\Controllers\Home))
#6 C:\Users\julia\Documents\IFRS\DSI\loja-games\system\CodeIgniter.php(326): CodeIgniter\CodeIgniter->handleRequest(NULL, Object(Config\Cache), false)
#7 C:\Users\julia\Documents\IFRS\DSI\loja-games\public\index.php(37): CodeIgniter\CodeIgniter->run()
#8 C:\Users\julia\Documents\IFRS\DSI\loja-games\system\Commands\Server\rewrite.php(43): require_once('C:\\Users\\julia\\...')
#9 {main}
CRITICAL - 2022-04-09 19:02:33 --> Call to undefined function link_tag()
#0 C:\Users\julia\Documents\IFRS\DSI\loja-games\system\View\View.php(210): include()
#1 C:\Users\julia\Documents\IFRS\DSI\loja-games\system\View\View.php(213): CodeIgniter\View\View->CodeIgniter\View\{closure}()
#2 C:\Users\julia\Documents\IFRS\DSI\loja-games\system\Common.php(1089): CodeIgniter\View\View->render('index', Array, true)
#3 C:\Users\julia\Documents\IFRS\DSI\loja-games\app\Controllers\Home.php(9): view('index')
#4 C:\Users\julia\Documents\IFRS\DSI\loja-games\system\CodeIgniter.php(832): App\Controllers\Home->index()
#5 C:\Users\julia\Documents\IFRS\DSI\loja-games\system\CodeIgniter.php(419): CodeIgniter\CodeIgniter->runController(Object(App\Controllers\Home))
#6 C:\Users\julia\Documents\IFRS\DSI\loja-games\system\CodeIgniter.php(326): CodeIgniter\CodeIgniter->handleRequest(NULL, Object(Config\Cache), false)
#7 C:\Users\julia\Documents\IFRS\DSI\loja-games\public\index.php(37): CodeIgniter\CodeIgniter->run()
#8 C:\Users\julia\Documents\IFRS\DSI\loja-games\system\Commands\Server\rewrite.php(43): require_once('C:\\Users\\julia\\...')
#9 {main}
CRITICAL - 2022-04-09 19:02:34 --> Call to undefined function link_tag()
#0 C:\Users\julia\Documents\IFRS\DSI\loja-games\system\View\View.php(210): include()
#1 C:\Users\julia\Documents\IFRS\DSI\loja-games\system\View\View.php(213): CodeIgniter\View\View->CodeIgniter\View\{closure}()
#2 C:\Users\julia\Documents\IFRS\DSI\loja-games\system\Common.php(1089): CodeIgniter\View\View->render('index', Array, true)
#3 C:\Users\julia\Documents\IFRS\DSI\loja-games\app\Controllers\Home.php(9): view('index')
#4 C:\Users\julia\Documents\IFRS\DSI\loja-games\system\CodeIgniter.php(832): App\Controllers\Home->index()
#5 C:\Users\julia\Documents\IFRS\DSI\loja-games\system\CodeIgniter.php(419): CodeIgniter\CodeIgniter->runController(Object(App\Controllers\Home))
#6 C:\Users\julia\Documents\IFRS\DSI\loja-games\system\CodeIgniter.php(326): CodeIgniter\CodeIgniter->handleRequest(NULL, Object(Config\Cache), false)
#7 C:\Users\julia\Documents\IFRS\DSI\loja-games\public\index.php(37): CodeIgniter\CodeIgniter->run()
#8 C:\Users\julia\Documents\IFRS\DSI\loja-games\system\Commands\Server\rewrite.php(43): require_once('C:\\Users\\julia\\...')
#9 {main}
CRITICAL - 2022-04-09 19:02:38 --> Call to undefined function link_tag()
#0 C:\Users\julia\Documents\IFRS\DSI\loja-games\system\View\View.php(210): include()
#1 C:\Users\julia\Documents\IFRS\DSI\loja-games\system\View\View.php(213): CodeIgniter\View\View->CodeIgniter\View\{closure}()
#2 C:\Users\julia\Documents\IFRS\DSI\loja-games\system\Common.php(1089): CodeIgniter\View\View->render('index', Array, true)
#3 C:\Users\julia\Documents\IFRS\DSI\loja-games\app\Controllers\Home.php(9): view('index')
#4 C:\Users\julia\Documents\IFRS\DSI\loja-games\system\CodeIgniter.php(832): App\Controllers\Home->index()
#5 C:\Users\julia\Documents\IFRS\DSI\loja-games\system\CodeIgniter.php(419): CodeIgniter\CodeIgniter->runController(Object(App\Controllers\Home))
#6 C:\Users\julia\Documents\IFRS\DSI\loja-games\system\CodeIgniter.php(326): CodeIgniter\CodeIgniter->handleRequest(NULL, Object(Config\Cache), false)
#7 C:\Users\julia\Documents\IFRS\DSI\loja-games\public\index.php(37): CodeIgniter\CodeIgniter->run()
#8 C:\Users\julia\Documents\IFRS\DSI\loja-games\system\Commands\Server\rewrite.php(43): require_once('C:\\Users\\julia\\...')
#9 {main}
CRITICAL - 2022-04-09 19:02:38 --> Call to undefined function link_tag()
#0 C:\Users\julia\Documents\IFRS\DSI\loja-games\system\View\View.php(210): include()
#1 C:\Users\julia\Documents\IFRS\DSI\loja-games\system\View\View.php(213): CodeIgniter\View\View->CodeIgniter\View\{closure}()
#2 C:\Users\julia\Documents\IFRS\DSI\loja-games\system\Common.php(1089): CodeIgniter\View\View->render('index', Array, true)
#3 C:\Users\julia\Documents\IFRS\DSI\loja-games\app\Controllers\Home.php(9): view('index')
#4 C:\Users\julia\Documents\IFRS\DSI\loja-games\system\CodeIgniter.php(832): App\Controllers\Home->index()
#5 C:\Users\julia\Documents\IFRS\DSI\loja-games\system\CodeIgniter.php(419): CodeIgniter\CodeIgniter->runController(Object(App\Controllers\Home))
#6 C:\Users\julia\Documents\IFRS\DSI\loja-games\system\CodeIgniter.php(326): CodeIgniter\CodeIgniter->handleRequest(NULL, Object(Config\Cache), false)
#7 C:\Users\julia\Documents\IFRS\DSI\loja-games\public\index.php(37): CodeIgniter\CodeIgniter->run()
#8 C:\Users\julia\Documents\IFRS\DSI\loja-games\system\Commands\Server\rewrite.php(43): require_once('C:\\Users\\julia\\...')
#9 {main}
CRITICAL - 2022-04-09 19:02:42 --> Call to undefined function link_tag()
#0 C:\Users\julia\Documents\IFRS\DSI\loja-games\system\View\View.php(210): include()
#1 C:\Users\julia\Documents\IFRS\DSI\loja-games\system\View\View.php(213): CodeIgniter\View\View->CodeIgniter\View\{closure}()
#2 C:\Users\julia\Documents\IFRS\DSI\loja-games\system\Common.php(1089): CodeIgniter\View\View->render('index', Array, true)
#3 C:\Users\julia\Documents\IFRS\DSI\loja-games\app\Controllers\Home.php(9): view('index')
#4 C:\Users\julia\Documents\IFRS\DSI\loja-games\system\CodeIgniter.php(832): App\Controllers\Home->index()
#5 C:\Users\julia\Documents\IFRS\DSI\loja-games\system\CodeIgniter.php(419): CodeIgniter\CodeIgniter->runController(Object(App\Controllers\Home))
#6 C:\Users\julia\Documents\IFRS\DSI\loja-games\system\CodeIgniter.php(326): CodeIgniter\CodeIgniter->handleRequest(NULL, Object(Config\Cache), false)
#7 C:\Users\julia\Documents\IFRS\DSI\loja-games\public\index.php(37): CodeIgniter\CodeIgniter->run()
#8 C:\Users\julia\Documents\IFRS\DSI\loja-games\system\Commands\Server\rewrite.php(43): require_once('C:\\Users\\julia\\...')
#9 {main}
CRITICAL - 2022-04-09 19:47:49 --> Invalid file: include/head.php
#0 C:\Users\julia\Documents\IFRS\DSI\loja-games\system\View\View.php(198): CodeIgniter\Exceptions\FrameworkException::forInvalidFile('include/head.ph...')
#1 C:\Users\julia\Documents\IFRS\DSI\loja-games\system\Common.php(1089): CodeIgniter\View\View->render('include/head', Array, true)
#2 C:\Users\julia\Documents\IFRS\DSI\loja-games\app\Views\index.php(1): view('include/head')
#3 C:\Users\julia\Documents\IFRS\DSI\loja-games\system\View\View.php(210): include('C:\\Users\\julia\\...')
#4 C:\Users\julia\Documents\IFRS\DSI\loja-games\system\View\View.php(213): CodeIgniter\View\View->CodeIgniter\View\{closure}()
#5 C:\Users\julia\Documents\IFRS\DSI\loja-games\system\Common.php(1089): CodeIgniter\View\View->render('index', Array, true)
#6 C:\Users\julia\Documents\IFRS\DSI\loja-games\app\Controllers\Home.php(9): view('index')
#7 C:\Users\julia\Documents\IFRS\DSI\loja-games\system\CodeIgniter.php(832): App\Controllers\Home->index()
#8 C:\Users\julia\Documents\IFRS\DSI\loja-games\system\CodeIgniter.php(419): CodeIgniter\CodeIgniter->runController(Object(App\Controllers\Home))
#9 C:\Users\julia\Documents\IFRS\DSI\loja-games\system\CodeIgniter.php(326): CodeIgniter\CodeIgniter->handleRequest(NULL, Object(Config\Cache), false)
#10 C:\Users\julia\Documents\IFRS\DSI\loja-games\public\index.php(37): CodeIgniter\CodeIgniter->run()
#11 C:\Users\julia\Documents\IFRS\DSI\loja-games\system\Commands\Server\rewrite.php(43): require_once('C:\\Users\\julia\\...')
#12 {main}
CRITICAL - 2022-04-09 19:47:50 --> Invalid file: include/head.php
#0 C:\Users\julia\Documents\IFRS\DSI\loja-games\system\View\View.php(198): CodeIgniter\Exceptions\FrameworkException::forInvalidFile('include/head.ph...')
#1 C:\Users\julia\Documents\IFRS\DSI\loja-games\system\Common.php(1089): CodeIgniter\View\View->render('include/head', Array, true)
#2 C:\Users\julia\Documents\IFRS\DSI\loja-games\app\Views\index.php(1): view('include/head')
#3 C:\Users\julia\Documents\IFRS\DSI\loja-games\system\View\View.php(210): include('C:\\Users\\julia\\...')
#4 C:\Users\julia\Documents\IFRS\DSI\loja-games\system\View\View.php(213): CodeIgniter\View\View->CodeIgniter\View\{closure}()
#5 C:\Users\julia\Documents\IFRS\DSI\loja-games\system\Common.php(1089): CodeIgniter\View\View->render('index', Array, true)
#6 C:\Users\julia\Documents\IFRS\DSI\loja-games\app\Controllers\Home.php(9): view('index')
#7 C:\Users\julia\Documents\IFRS\DSI\loja-games\system\CodeIgniter.php(832): App\Controllers\Home->index()
#8 C:\Users\julia\Documents\IFRS\DSI\loja-games\system\CodeIgniter.php(419): CodeIgniter\CodeIgniter->runController(Object(App\Controllers\Home))
#9 C:\Users\julia\Documents\IFRS\DSI\loja-games\system\CodeIgniter.php(326): CodeIgniter\CodeIgniter->handleRequest(NULL, Object(Config\Cache), false)
#10 C:\Users\julia\Documents\IFRS\DSI\loja-games\public\index.php(37): CodeIgniter\CodeIgniter->run()
#11 C:\Users\julia\Documents\IFRS\DSI\loja-games\system\Commands\Server\rewrite.php(43): require_once('C:\\Users\\julia\\...')
#12 {main}
CRITICAL - 2022-04-09 19:47:51 --> Invalid file: include/head.php
#0 C:\Users\julia\Documents\IFRS\DSI\loja-games\system\View\View.php(198): CodeIgniter\Exceptions\FrameworkException::forInvalidFile('include/head.ph...')
#1 C:\Users\julia\Documents\IFRS\DSI\loja-games\system\Common.php(1089): CodeIgniter\View\View->render('include/head', Array, true)
#2 C:\Users\julia\Documents\IFRS\DSI\loja-games\app\Views\index.php(1): view('include/head')
#3 C:\Users\julia\Documents\IFRS\DSI\loja-games\system\View\View.php(210): include('C:\\Users\\julia\\...')
#4 C:\Users\julia\Documents\IFRS\DSI\loja-games\system\View\View.php(213): CodeIgniter\View\View->CodeIgniter\View\{closure}()
#5 C:\Users\julia\Documents\IFRS\DSI\loja-games\system\Common.php(1089): CodeIgniter\View\View->render('index', Array, true)
#6 C:\Users\julia\Documents\IFRS\DSI\loja-games\app\Controllers\Home.php(9): view('index')
#7 C:\Users\julia\Documents\IFRS\DSI\loja-games\system\CodeIgniter.php(832): App\Controllers\Home->index()
#8 C:\Users\julia\Documents\IFRS\DSI\loja-games\system\CodeIgniter.php(419): CodeIgniter\CodeIgniter->runController(Object(App\Controllers\Home))
#9 C:\Users\julia\Documents\IFRS\DSI\loja-games\system\CodeIgniter.php(326): CodeIgniter\CodeIgniter->handleRequest(NULL, Object(Config\Cache), false)
#10 C:\Users\julia\Documents\IFRS\DSI\loja-games\public\index.php(37): CodeIgniter\CodeIgniter->run()
#11 C:\Users\julia\Documents\IFRS\DSI\loja-games\system\Commands\Server\rewrite.php(43): require_once('C:\\Users\\julia\\...')
#12 {main}
CRITICAL - 2022-04-09 19:47:54 --> Invalid file: include/head.php
#0 C:\Users\julia\Documents\IFRS\DSI\loja-games\system\View\View.php(198): CodeIgniter\Exceptions\FrameworkException::forInvalidFile('include/head.ph...')
#1 C:\Users\julia\Documents\IFRS\DSI\loja-games\system\Common.php(1089): CodeIgniter\View\View->render('include/head', Array, true)
#2 C:\Users\julia\Documents\IFRS\DSI\loja-games\app\Views\index.php(1): view('include/head')
#3 C:\Users\julia\Documents\IFRS\DSI\loja-games\system\View\View.php(210): include('C:\\Users\\julia\\...')
#4 C:\Users\julia\Documents\IFRS\DSI\loja-games\system\View\View.php(213): CodeIgniter\View\View->CodeIgniter\View\{closure}()
#5 C:\Users\julia\Documents\IFRS\DSI\loja-games\system\Common.php(1089): CodeIgniter\View\View->render('index', Array, true)
#6 C:\Users\julia\Documents\IFRS\DSI\loja-games\app\Controllers\Home.php(9): view('index')
#7 C:\Users\julia\Documents\IFRS\DSI\loja-games\system\CodeIgniter.php(832): App\Controllers\Home->index()
#8 C:\Users\julia\Documents\IFRS\DSI\loja-games\system\CodeIgniter.php(419): CodeIgniter\CodeIgniter->runController(Object(App\Controllers\Home))
#9 C:\Users\julia\Documents\IFRS\DSI\loja-games\system\CodeIgniter.php(326): CodeIgniter\CodeIgniter->handleRequest(NULL, Object(Config\Cache), false)
#10 C:\Users\julia\Documents\IFRS\DSI\loja-games\public\index.php(37): CodeIgniter\CodeIgniter->run()
#11 C:\Users\julia\Documents\IFRS\DSI\loja-games\system\Commands\Server\rewrite.php(43): require_once('C:\\Users\\julia\\...')
#12 {main}
CRITICAL - 2022-04-09 19:48:03 --> Invalid file: include/head.php
#0 C:\Users\julia\Documents\IFRS\DSI\loja-games\system\View\View.php(198): CodeIgniter\Exceptions\FrameworkException::forInvalidFile('include/head.ph...')
#1 C:\Users\julia\Documents\IFRS\DSI\loja-games\system\Common.php(1089): CodeIgniter\View\View->render('include/head', Array, true)
#2 C:\Users\julia\Documents\IFRS\DSI\loja-games\app\Views\index.php(1): view('include/head')
#3 C:\Users\julia\Documents\IFRS\DSI\loja-games\system\View\View.php(210): include('C:\\Users\\julia\\...')
#4 C:\Users\julia\Documents\IFRS\DSI\loja-games\system\View\View.php(213): CodeIgniter\View\View->CodeIgniter\View\{closure}()
#5 C:\Users\julia\Documents\IFRS\DSI\loja-games\system\Common.php(1089): CodeIgniter\View\View->render('index', Array, true)
#6 C:\Users\julia\Documents\IFRS\DSI\loja-games\app\Controllers\Home.php(9): view('index')
#7 C:\Users\julia\Documents\IFRS\DSI\loja-games\system\CodeIgniter.php(832): App\Controllers\Home->index()
#8 C:\Users\julia\Documents\IFRS\DSI\loja-games\system\CodeIgniter.php(419): CodeIgniter\CodeIgniter->runController(Object(App\Controllers\Home))
#9 C:\Users\julia\Documents\IFRS\DSI\loja-games\system\CodeIgniter.php(326): CodeIgniter\CodeIgniter->handleRequest(NULL, Object(Config\Cache), false)
#10 C:\Users\julia\Documents\IFRS\DSI\loja-games\public\index.php(37): CodeIgniter\CodeIgniter->run()
#11 C:\Users\julia\Documents\IFRS\DSI\loja-games\system\Commands\Server\rewrite.php(43): require_once('C:\\Users\\julia\\...')
#12 {main}
CRITICAL - 2022-04-09 19:48:04 --> Invalid file: include/head.php
#0 C:\Users\julia\Documents\IFRS\DSI\loja-games\system\View\View.php(198): CodeIgniter\Exceptions\FrameworkException::forInvalidFile('include/head.ph...')
#1 C:\Users\julia\Documents\IFRS\DSI\loja-games\system\Common.php(1089): CodeIgniter\View\View->render('include/head', Array, true)
#2 C:\Users\julia\Documents\IFRS\DSI\loja-games\app\Views\index.php(1): view('include/head')
#3 C:\Users\julia\Documents\IFRS\DSI\loja-games\system\View\View.php(210): include('C:\\Users\\julia\\...')
#4 C:\Users\julia\Documents\IFRS\DSI\loja-games\system\View\View.php(213): CodeIgniter\View\View->CodeIgniter\View\{closure}()
#5 C:\Users\julia\Documents\IFRS\DSI\loja-games\system\Common.php(1089): CodeIgniter\View\View->render('index', Array, true)
#6 C:\Users\julia\Documents\IFRS\DSI\loja-games\app\Controllers\Home.php(9): view('index')
#7 C:\Users\julia\Documents\IFRS\DSI\loja-games\system\CodeIgniter.php(832): App\Controllers\Home->index()
#8 C:\Users\julia\Documents\IFRS\DSI\loja-games\system\CodeIgniter.php(419): CodeIgniter\CodeIgniter->runController(Object(App\Controllers\Home))
#9 C:\Users\julia\Documents\IFRS\DSI\loja-games\system\CodeIgniter.php(326): CodeIgniter\CodeIgniter->handleRequest(NULL, Object(Config\Cache), false)
#10 C:\Users\julia\Documents\IFRS\DSI\loja-games\public\index.php(37): CodeIgniter\CodeIgniter->run()
#11 C:\Users\julia\Documents\IFRS\DSI\loja-games\system\Commands\Server\rewrite.php(43): require_once('C:\\Users\\julia\\...')
#12 {main}
