CRITICAL - 2022-04-28 12:36:45 --> Undefined variable $produtos
#0 C:\Users\julia\Documents\IFRS\DSI\loja-games\app\Views\clientes\listagem.php(17): CodeIgniter\Debug\Exceptions->errorHandler(2, 'Undefined varia...', 'C:\\Users\\julia\\...', 17)
#1 C:\Users\julia\Documents\IFRS\DSI\loja-games\system\View\View.php(210): include('C:\\Users\\julia\\...')
#2 C:\Users\julia\Documents\IFRS\DSI\loja-games\system\View\View.php(213): CodeIgniter\View\View->CodeIgniter\View\{closure}()
#3 C:\Users\julia\Documents\IFRS\DSI\loja-games\system\Common.php(1089): CodeIgniter\View\View->render('clientes/listag...', Array, true)
#4 C:\Users\julia\Documents\IFRS\DSI\loja-games\app\Controllers\Cliente.php(13): view('clientes/listag...', Array)
#5 C:\Users\julia\Documents\IFRS\DSI\loja-games\system\CodeIgniter.php(832): App\Controllers\Cliente->listagem()
#6 C:\Users\julia\Documents\IFRS\DSI\loja-games\system\CodeIgniter.php(419): CodeIgniter\CodeIgniter->runController(Object(App\Controllers\Cliente))
#7 C:\Users\julia\Documents\IFRS\DSI\loja-games\system\CodeIgniter.php(326): CodeIgniter\CodeIgniter->handleRequest(NULL, Object(Config\Cache), false)
#8 C:\Users\julia\Documents\IFRS\DSI\loja-games\public\index.php(37): CodeIgniter\CodeIgniter->run()
#9 C:\Users\julia\Documents\IFRS\DSI\loja-games\system\Commands\Server\rewrite.php(43): require_once('C:\\Users\\julia\\...')
#10 {main}
CRITICAL - 2022-04-28 13:22:14 --> Invalid file: categoriaProdutos/listagem.php
#0 C:\Users\julia\Documents\IFRS\DSI\loja-games\system\View\View.php(198): CodeIgniter\Exceptions\FrameworkException::forInvalidFile('categoriaProdut...')
#1 C:\Users\julia\Documents\IFRS\DSI\loja-games\system\Common.php(1089): CodeIgniter\View\View->render('categoriaProdut...', Array, true)
#2 C:\Users\julia\Documents\IFRS\DSI\loja-games\app\Controllers\CategoriaProduto.php(13): view('categoriaProdut...', Array)
#3 C:\Users\julia\Documents\IFRS\DSI\loja-games\system\CodeIgniter.php(832): App\Controllers\CategoriaProduto->listagem()
#4 C:\Users\julia\Documents\IFRS\DSI\loja-games\system\CodeIgniter.php(419): CodeIgniter\CodeIgniter->runController(Object(App\Controllers\CategoriaProduto))
#5 C:\Users\julia\Documents\IFRS\DSI\loja-games\system\CodeIgniter.php(326): CodeIgniter\CodeIgniter->handleRequest(NULL, Object(Config\Cache), false)
#6 C:\Users\julia\Documents\IFRS\DSI\loja-games\public\index.php(37): CodeIgniter\CodeIgniter->run()
#7 C:\Users\julia\Documents\IFRS\DSI\loja-games\system\Commands\Server\rewrite.php(43): require_once('C:\\Users\\julia\\...')
#8 {main}
CRITICAL - 2022-04-28 13:22:15 --> Invalid file: categoriaProdutos/listagem.php
#0 C:\Users\julia\Documents\IFRS\DSI\loja-games\system\View\View.php(198): CodeIgniter\Exceptions\FrameworkException::forInvalidFile('categoriaProdut...')
#1 C:\Users\julia\Documents\IFRS\DSI\loja-games\system\Common.php(1089): CodeIgniter\View\View->render('categoriaProdut...', Array, true)
#2 C:\Users\julia\Documents\IFRS\DSI\loja-games\app\Controllers\CategoriaProduto.php(13): view('categoriaProdut...', Array)
#3 C:\Users\julia\Documents\IFRS\DSI\loja-games\system\CodeIgniter.php(832): App\Controllers\CategoriaProduto->listagem()
#4 C:\Users\julia\Documents\IFRS\DSI\loja-games\system\CodeIgniter.php(419): CodeIgniter\CodeIgniter->runController(Object(App\Controllers\CategoriaProduto))
#5 C:\Users\julia\Documents\IFRS\DSI\loja-games\system\CodeIgniter.php(326): CodeIgniter\CodeIgniter->handleRequest(NULL, Object(Config\Cache), false)
#6 C:\Users\julia\Documents\IFRS\DSI\loja-games\public\index.php(37): CodeIgniter\CodeIgniter->run()
#7 C:\Users\julia\Documents\IFRS\DSI\loja-games\system\Commands\Server\rewrite.php(43): require_once('C:\\Users\\julia\\...')
#8 {main}
CRITICAL - 2022-04-28 13:23:06 --> Invalid file: categoriaProdutos/listagem.php
#0 C:\Users\julia\Documents\IFRS\DSI\loja-games\system\View\View.php(198): CodeIgniter\Exceptions\FrameworkException::forInvalidFile('categoriaProdut...')
#1 C:\Users\julia\Documents\IFRS\DSI\loja-games\system\Common.php(1089): CodeIgniter\View\View->render('categoriaProdut...', Array, true)
#2 C:\Users\julia\Documents\IFRS\DSI\loja-games\app\Controllers\CategoriaProduto.php(13): view('categoriaProdut...', Array)
#3 C:\Users\julia\Documents\IFRS\DSI\loja-games\system\CodeIgniter.php(832): App\Controllers\CategoriaProduto->listagem()
#4 C:\Users\julia\Documents\IFRS\DSI\loja-games\system\CodeIgniter.php(419): CodeIgniter\CodeIgniter->runController(Object(App\Controllers\CategoriaProduto))
#5 C:\Users\julia\Documents\IFRS\DSI\loja-games\system\CodeIgniter.php(326): CodeIgniter\CodeIgniter->handleRequest(NULL, Object(Config\Cache), false)
#6 C:\Users\julia\Documents\IFRS\DSI\loja-games\public\index.php(37): CodeIgniter\CodeIgniter->run()
#7 C:\Users\julia\Documents\IFRS\DSI\loja-games\system\Commands\Server\rewrite.php(43): require_once('C:\\Users\\julia\\...')
#8 {main}
CRITICAL - 2022-04-28 13:24:48 --> Undefined variable $categoriasProduto
#0 C:\Users\julia\Documents\IFRS\DSI\loja-games\app\Views\categoriaProduto\listagem.php(13): CodeIgniter\Debug\Exceptions->errorHandler(2, 'Undefined varia...', 'C:\\Users\\julia\\...', 13)
#1 C:\Users\julia\Documents\IFRS\DSI\loja-games\system\View\View.php(210): include('C:\\Users\\julia\\...')
#2 C:\Users\julia\Documents\IFRS\DSI\loja-games\system\View\View.php(213): CodeIgniter\View\View->CodeIgniter\View\{closure}()
#3 C:\Users\julia\Documents\IFRS\DSI\loja-games\system\Common.php(1089): CodeIgniter\View\View->render('categoriaProdut...', Array, true)
#4 C:\Users\julia\Documents\IFRS\DSI\loja-games\app\Controllers\CategoriaProduto.php(13): view('categoriaProdut...', Array)
#5 C:\Users\julia\Documents\IFRS\DSI\loja-games\system\CodeIgniter.php(832): App\Controllers\CategoriaProduto->listagem()
#6 C:\Users\julia\Documents\IFRS\DSI\loja-games\system\CodeIgniter.php(419): CodeIgniter\CodeIgniter->runController(Object(App\Controllers\CategoriaProduto))
#7 C:\Users\julia\Documents\IFRS\DSI\loja-games\system\CodeIgniter.php(326): CodeIgniter\CodeIgniter->handleRequest(NULL, Object(Config\Cache), false)
#8 C:\Users\julia\Documents\IFRS\DSI\loja-games\public\index.php(37): CodeIgniter\CodeIgniter->run()
#9 C:\Users\julia\Documents\IFRS\DSI\loja-games\system\Commands\Server\rewrite.php(43): require_once('C:\\Users\\julia\\...')
#10 {main}
CRITICAL - 2022-04-28 13:25:22 --> Undefined variable $categoriasProduto
#0 C:\Users\julia\Documents\IFRS\DSI\loja-games\app\Views\categoriaProduto\listagem.php(13): CodeIgniter\Debug\Exceptions->errorHandler(2, 'Undefined varia...', 'C:\\Users\\julia\\...', 13)
#1 C:\Users\julia\Documents\IFRS\DSI\loja-games\system\View\View.php(210): include('C:\\Users\\julia\\...')
#2 C:\Users\julia\Documents\IFRS\DSI\loja-games\system\View\View.php(213): CodeIgniter\View\View->CodeIgniter\View\{closure}()
#3 C:\Users\julia\Documents\IFRS\DSI\loja-games\system\Common.php(1089): CodeIgniter\View\View->render('categoriaProdut...', Array, true)
#4 C:\Users\julia\Documents\IFRS\DSI\loja-games\app\Controllers\CategoriaProduto.php(13): view('categoriaProdut...', Array)
#5 C:\Users\julia\Documents\IFRS\DSI\loja-games\system\CodeIgniter.php(832): App\Controllers\CategoriaProduto->listagem()
#6 C:\Users\julia\Documents\IFRS\DSI\loja-games\system\CodeIgniter.php(419): CodeIgniter\CodeIgniter->runController(Object(App\Controllers\CategoriaProduto))
#7 C:\Users\julia\Documents\IFRS\DSI\loja-games\system\CodeIgniter.php(326): CodeIgniter\CodeIgniter->handleRequest(NULL, Object(Config\Cache), false)
#8 C:\Users\julia\Documents\IFRS\DSI\loja-games\public\index.php(37): CodeIgniter\CodeIgniter->run()
#9 C:\Users\julia\Documents\IFRS\DSI\loja-games\system\Commands\Server\rewrite.php(43): require_once('C:\\Users\\julia\\...')
#10 {main}
CRITICAL - 2022-04-28 13:25:26 --> Undefined variable $categoriasProduto
#0 C:\Users\julia\Documents\IFRS\DSI\loja-games\app\Views\categoriaProduto\listagem.php(13): CodeIgniter\Debug\Exceptions->errorHandler(2, 'Undefined varia...', 'C:\\Users\\julia\\...', 13)
#1 C:\Users\julia\Documents\IFRS\DSI\loja-games\system\View\View.php(210): include('C:\\Users\\julia\\...')
#2 C:\Users\julia\Documents\IFRS\DSI\loja-games\system\View\View.php(213): CodeIgniter\View\View->CodeIgniter\View\{closure}()
#3 C:\Users\julia\Documents\IFRS\DSI\loja-games\system\Common.php(1089): CodeIgniter\View\View->render('categoriaProdut...', Array, true)
#4 C:\Users\julia\Documents\IFRS\DSI\loja-games\app\Controllers\CategoriaProduto.php(13): view('categoriaProdut...', Array)
#5 C:\Users\julia\Documents\IFRS\DSI\loja-games\system\CodeIgniter.php(832): App\Controllers\CategoriaProduto->listagem()
#6 C:\Users\julia\Documents\IFRS\DSI\loja-games\system\CodeIgniter.php(419): CodeIgniter\CodeIgniter->runController(Object(App\Controllers\CategoriaProduto))
#7 C:\Users\julia\Documents\IFRS\DSI\loja-games\system\CodeIgniter.php(326): CodeIgniter\CodeIgniter->handleRequest(NULL, Object(Config\Cache), false)
#8 C:\Users\julia\Documents\IFRS\DSI\loja-games\public\index.php(37): CodeIgniter\CodeIgniter->run()
#9 C:\Users\julia\Documents\IFRS\DSI\loja-games\system\Commands\Server\rewrite.php(43): require_once('C:\\Users\\julia\\...')
#10 {main}
CRITICAL - 2022-04-28 13:27:34 --> Undefined variable $categoriasProduto
#0 C:\Users\julia\Documents\IFRS\DSI\loja-games\app\Views\categoriaProduto\listagem.php(13): CodeIgniter\Debug\Exceptions->errorHandler(2, 'Undefined varia...', 'C:\\Users\\julia\\...', 13)
#1 C:\Users\julia\Documents\IFRS\DSI\loja-games\system\View\View.php(210): include('C:\\Users\\julia\\...')
#2 C:\Users\julia\Documents\IFRS\DSI\loja-games\system\View\View.php(213): CodeIgniter\View\View->CodeIgniter\View\{closure}()
#3 C:\Users\julia\Documents\IFRS\DSI\loja-games\system\Common.php(1089): CodeIgniter\View\View->render('categoriaProdut...', Array, true)
#4 C:\Users\julia\Documents\IFRS\DSI\loja-games\app\Controllers\CategoriaProduto.php(13): view('categoriaProdut...', Array)
#5 C:\Users\julia\Documents\IFRS\DSI\loja-games\system\CodeIgniter.php(832): App\Controllers\CategoriaProduto->listagem()
#6 C:\Users\julia\Documents\IFRS\DSI\loja-games\system\CodeIgniter.php(419): CodeIgniter\CodeIgniter->runController(Object(App\Controllers\CategoriaProduto))
#7 C:\Users\julia\Documents\IFRS\DSI\loja-games\system\CodeIgniter.php(326): CodeIgniter\CodeIgniter->handleRequest(NULL, Object(Config\Cache), false)
#8 C:\Users\julia\Documents\IFRS\DSI\loja-games\public\index.php(37): CodeIgniter\CodeIgniter->run()
#9 C:\Users\julia\Documents\IFRS\DSI\loja-games\system\Commands\Server\rewrite.php(43): require_once('C:\\Users\\julia\\...')
#10 {main}
CRITICAL - 2022-04-28 13:34:57 --> Undefined variable $categoriasProduto
#0 C:\Users\julia\Documents\IFRS\DSI\loja-games\app\Views\categoriaProduto\listagem.php(13): CodeIgniter\Debug\Exceptions->errorHandler(2, 'Undefined varia...', 'C:\\Users\\julia\\...', 13)
#1 C:\Users\julia\Documents\IFRS\DSI\loja-games\system\View\View.php(210): include('C:\\Users\\julia\\...')
#2 C:\Users\julia\Documents\IFRS\DSI\loja-games\system\View\View.php(213): CodeIgniter\View\View->CodeIgniter\View\{closure}()
#3 C:\Users\julia\Documents\IFRS\DSI\loja-games\system\Common.php(1089): CodeIgniter\View\View->render('categoriaProdut...', Array, true)
#4 C:\Users\julia\Documents\IFRS\DSI\loja-games\app\Controllers\CategoriaProduto.php(13): view('categoriaProdut...', Array)
#5 C:\Users\julia\Documents\IFRS\DSI\loja-games\system\CodeIgniter.php(832): App\Controllers\CategoriaProduto->listagem()
#6 C:\Users\julia\Documents\IFRS\DSI\loja-games\system\CodeIgniter.php(419): CodeIgniter\CodeIgniter->runController(Object(App\Controllers\CategoriaProduto))
#7 C:\Users\julia\Documents\IFRS\DSI\loja-games\system\CodeIgniter.php(326): CodeIgniter\CodeIgniter->handleRequest(NULL, Object(Config\Cache), false)
#8 C:\Users\julia\Documents\IFRS\DSI\loja-games\public\index.php(37): CodeIgniter\CodeIgniter->run()
#9 C:\Users\julia\Documents\IFRS\DSI\loja-games\system\Commands\Server\rewrite.php(43): require_once('C:\\Users\\julia\\...')
#10 {main}
CRITICAL - 2022-04-28 13:36:07 --> Undefined variable $categoriasProduto
#0 C:\Users\julia\Documents\IFRS\DSI\loja-games\app\Views\categoriaProduto\listagem.php(13): CodeIgniter\Debug\Exceptions->errorHandler(2, 'Undefined varia...', 'C:\\Users\\julia\\...', 13)
#1 C:\Users\julia\Documents\IFRS\DSI\loja-games\system\View\View.php(210): include('C:\\Users\\julia\\...')
#2 C:\Users\julia\Documents\IFRS\DSI\loja-games\system\View\View.php(213): CodeIgniter\View\View->CodeIgniter\View\{closure}()
#3 C:\Users\julia\Documents\IFRS\DSI\loja-games\system\Common.php(1089): CodeIgniter\View\View->render('categoriaProdut...', Array, true)
#4 C:\Users\julia\Documents\IFRS\DSI\loja-games\app\Controllers\CategoriaProduto.php(13): view('categoriaProdut...', Array)
#5 C:\Users\julia\Documents\IFRS\DSI\loja-games\system\CodeIgniter.php(832): App\Controllers\CategoriaProduto->listagem()
#6 C:\Users\julia\Documents\IFRS\DSI\loja-games\system\CodeIgniter.php(419): CodeIgniter\CodeIgniter->runController(Object(App\Controllers\CategoriaProduto))
#7 C:\Users\julia\Documents\IFRS\DSI\loja-games\system\CodeIgniter.php(326): CodeIgniter\CodeIgniter->handleRequest(NULL, Object(Config\Cache), false)
#8 C:\Users\julia\Documents\IFRS\DSI\loja-games\public\index.php(37): CodeIgniter\CodeIgniter->run()
#9 C:\Users\julia\Documents\IFRS\DSI\loja-games\system\Commands\Server\rewrite.php(43): require_once('C:\\Users\\julia\\...')
#10 {main}
CRITICAL - 2022-04-28 13:36:08 --> Undefined variable $categoriasProduto
#0 C:\Users\julia\Documents\IFRS\DSI\loja-games\app\Views\categoriaProduto\listagem.php(13): CodeIgniter\Debug\Exceptions->errorHandler(2, 'Undefined varia...', 'C:\\Users\\julia\\...', 13)
#1 C:\Users\julia\Documents\IFRS\DSI\loja-games\system\View\View.php(210): include('C:\\Users\\julia\\...')
#2 C:\Users\julia\Documents\IFRS\DSI\loja-games\system\View\View.php(213): CodeIgniter\View\View->CodeIgniter\View\{closure}()
#3 C:\Users\julia\Documents\IFRS\DSI\loja-games\system\Common.php(1089): CodeIgniter\View\View->render('categoriaProdut...', Array, true)
#4 C:\Users\julia\Documents\IFRS\DSI\loja-games\app\Controllers\CategoriaProduto.php(13): view('categoriaProdut...', Array)
#5 C:\Users\julia\Documents\IFRS\DSI\loja-games\system\CodeIgniter.php(832): App\Controllers\CategoriaProduto->listagem()
#6 C:\Users\julia\Documents\IFRS\DSI\loja-games\system\CodeIgniter.php(419): CodeIgniter\CodeIgniter->runController(Object(App\Controllers\CategoriaProduto))
#7 C:\Users\julia\Documents\IFRS\DSI\loja-games\system\CodeIgniter.php(326): CodeIgniter\CodeIgniter->handleRequest(NULL, Object(Config\Cache), false)
#8 C:\Users\julia\Documents\IFRS\DSI\loja-games\public\index.php(37): CodeIgniter\CodeIgniter->run()
#9 C:\Users\julia\Documents\IFRS\DSI\loja-games\system\Commands\Server\rewrite.php(43): require_once('C:\\Users\\julia\\...')
#10 {main}
CRITICAL - 2022-04-28 13:36:12 --> Undefined variable $categoriasProduto
#0 C:\Users\julia\Documents\IFRS\DSI\loja-games\app\Views\categoriaProduto\listagem.php(13): CodeIgniter\Debug\Exceptions->errorHandler(2, 'Undefined varia...', 'C:\\Users\\julia\\...', 13)
#1 C:\Users\julia\Documents\IFRS\DSI\loja-games\system\View\View.php(210): include('C:\\Users\\julia\\...')
#2 C:\Users\julia\Documents\IFRS\DSI\loja-games\system\View\View.php(213): CodeIgniter\View\View->CodeIgniter\View\{closure}()
#3 C:\Users\julia\Documents\IFRS\DSI\loja-games\system\Common.php(1089): CodeIgniter\View\View->render('categoriaProdut...', Array, true)
#4 C:\Users\julia\Documents\IFRS\DSI\loja-games\app\Controllers\CategoriaProduto.php(13): view('categoriaProdut...', Array)
#5 C:\Users\julia\Documents\IFRS\DSI\loja-games\system\CodeIgniter.php(832): App\Controllers\CategoriaProduto->listagem()
#6 C:\Users\julia\Documents\IFRS\DSI\loja-games\system\CodeIgniter.php(419): CodeIgniter\CodeIgniter->runController(Object(App\Controllers\CategoriaProduto))
#7 C:\Users\julia\Documents\IFRS\DSI\loja-games\system\CodeIgniter.php(326): CodeIgniter\CodeIgniter->handleRequest(NULL, Object(Config\Cache), false)
#8 C:\Users\julia\Documents\IFRS\DSI\loja-games\public\index.php(37): CodeIgniter\CodeIgniter->run()
#9 C:\Users\julia\Documents\IFRS\DSI\loja-games\system\Commands\Server\rewrite.php(43): require_once('C:\\Users\\julia\\...')
#10 {main}
CRITICAL - 2022-04-28 13:36:13 --> Undefined variable $categoriasProduto
#0 C:\Users\julia\Documents\IFRS\DSI\loja-games\app\Views\categoriaProduto\listagem.php(13): CodeIgniter\Debug\Exceptions->errorHandler(2, 'Undefined varia...', 'C:\\Users\\julia\\...', 13)
#1 C:\Users\julia\Documents\IFRS\DSI\loja-games\system\View\View.php(210): include('C:\\Users\\julia\\...')
#2 C:\Users\julia\Documents\IFRS\DSI\loja-games\system\View\View.php(213): CodeIgniter\View\View->CodeIgniter\View\{closure}()
#3 C:\Users\julia\Documents\IFRS\DSI\loja-games\system\Common.php(1089): CodeIgniter\View\View->render('categoriaProdut...', Array, true)
#4 C:\Users\julia\Documents\IFRS\DSI\loja-games\app\Controllers\CategoriaProduto.php(13): view('categoriaProdut...', Array)
#5 C:\Users\julia\Documents\IFRS\DSI\loja-games\system\CodeIgniter.php(832): App\Controllers\CategoriaProduto->listagem()
#6 C:\Users\julia\Documents\IFRS\DSI\loja-games\system\CodeIgniter.php(419): CodeIgniter\CodeIgniter->runController(Object(App\Controllers\CategoriaProduto))
#7 C:\Users\julia\Documents\IFRS\DSI\loja-games\system\CodeIgniter.php(326): CodeIgniter\CodeIgniter->handleRequest(NULL, Object(Config\Cache), false)
#8 C:\Users\julia\Documents\IFRS\DSI\loja-games\public\index.php(37): CodeIgniter\CodeIgniter->run()
#9 C:\Users\julia\Documents\IFRS\DSI\loja-games\system\Commands\Server\rewrite.php(43): require_once('C:\\Users\\julia\\...')
#10 {main}
CRITICAL - 2022-04-28 13:36:46 --> Undefined variable $categoriasProduto
#0 C:\Users\julia\Documents\IFRS\DSI\loja-games\app\Views\categoriaProduto\listagem.php(13): CodeIgniter\Debug\Exceptions->errorHandler(2, 'Undefined varia...', 'C:\\Users\\julia\\...', 13)
#1 C:\Users\julia\Documents\IFRS\DSI\loja-games\system\View\View.php(210): include('C:\\Users\\julia\\...')
#2 C:\Users\julia\Documents\IFRS\DSI\loja-games\system\View\View.php(213): CodeIgniter\View\View->CodeIgniter\View\{closure}()
#3 C:\Users\julia\Documents\IFRS\DSI\loja-games\system\Common.php(1089): CodeIgniter\View\View->render('categoriaProdut...', Array, true)
#4 C:\Users\julia\Documents\IFRS\DSI\loja-games\app\Controllers\CategoriaProduto.php(13): view('categoriaProdut...', Array)
#5 C:\Users\julia\Documents\IFRS\DSI\loja-games\system\CodeIgniter.php(832): App\Controllers\CategoriaProduto->listagem()
#6 C:\Users\julia\Documents\IFRS\DSI\loja-games\system\CodeIgniter.php(419): CodeIgniter\CodeIgniter->runController(Object(App\Controllers\CategoriaProduto))
#7 C:\Users\julia\Documents\IFRS\DSI\loja-games\system\CodeIgniter.php(326): CodeIgniter\CodeIgniter->handleRequest(NULL, Object(Config\Cache), false)
#8 C:\Users\julia\Documents\IFRS\DSI\loja-games\public\index.php(37): CodeIgniter\CodeIgniter->run()
#9 C:\Users\julia\Documents\IFRS\DSI\loja-games\system\Commands\Server\rewrite.php(43): require_once('C:\\Users\\julia\\...')
#10 {main}
CRITICAL - 2022-04-28 13:36:47 --> Undefined variable $categoriasProduto
#0 C:\Users\julia\Documents\IFRS\DSI\loja-games\app\Views\categoriaProduto\listagem.php(13): CodeIgniter\Debug\Exceptions->errorHandler(2, 'Undefined varia...', 'C:\\Users\\julia\\...', 13)
#1 C:\Users\julia\Documents\IFRS\DSI\loja-games\system\View\View.php(210): include('C:\\Users\\julia\\...')
#2 C:\Users\julia\Documents\IFRS\DSI\loja-games\system\View\View.php(213): CodeIgniter\View\View->CodeIgniter\View\{closure}()
#3 C:\Users\julia\Documents\IFRS\DSI\loja-games\system\Common.php(1089): CodeIgniter\View\View->render('categoriaProdut...', Array, true)
#4 C:\Users\julia\Documents\IFRS\DSI\loja-games\app\Controllers\CategoriaProduto.php(13): view('categoriaProdut...', Array)
#5 C:\Users\julia\Documents\IFRS\DSI\loja-games\system\CodeIgniter.php(832): App\Controllers\CategoriaProduto->listagem()
#6 C:\Users\julia\Documents\IFRS\DSI\loja-games\system\CodeIgniter.php(419): CodeIgniter\CodeIgniter->runController(Object(App\Controllers\CategoriaProduto))
#7 C:\Users\julia\Documents\IFRS\DSI\loja-games\system\CodeIgniter.php(326): CodeIgniter\CodeIgniter->handleRequest(NULL, Object(Config\Cache), false)
#8 C:\Users\julia\Documents\IFRS\DSI\loja-games\public\index.php(37): CodeIgniter\CodeIgniter->run()
#9 C:\Users\julia\Documents\IFRS\DSI\loja-games\system\Commands\Server\rewrite.php(43): require_once('C:\\Users\\julia\\...')
#10 {main}
CRITICAL - 2022-04-28 13:37:20 --> Undefined variable $categoriasProduto
#0 C:\Users\julia\Documents\IFRS\DSI\loja-games\app\Views\categoriaProduto\listagem.php(13): CodeIgniter\Debug\Exceptions->errorHandler(2, 'Undefined varia...', 'C:\\Users\\julia\\...', 13)
#1 C:\Users\julia\Documents\IFRS\DSI\loja-games\system\View\View.php(210): include('C:\\Users\\julia\\...')
#2 C:\Users\julia\Documents\IFRS\DSI\loja-games\system\View\View.php(213): CodeIgniter\View\View->CodeIgniter\View\{closure}()
#3 C:\Users\julia\Documents\IFRS\DSI\loja-games\system\Common.php(1089): CodeIgniter\View\View->render('categoriaProdut...', Array, true)
#4 C:\Users\julia\Documents\IFRS\DSI\loja-games\app\Controllers\CategoriaProduto.php(13): view('categoriaProdut...', Array)
#5 C:\Users\julia\Documents\IFRS\DSI\loja-games\system\CodeIgniter.php(832): App\Controllers\CategoriaProduto->listagem()
#6 C:\Users\julia\Documents\IFRS\DSI\loja-games\system\CodeIgniter.php(419): CodeIgniter\CodeIgniter->runController(Object(App\Controllers\CategoriaProduto))
#7 C:\Users\julia\Documents\IFRS\DSI\loja-games\system\CodeIgniter.php(326): CodeIgniter\CodeIgniter->handleRequest(NULL, Object(Config\Cache), false)
#8 C:\Users\julia\Documents\IFRS\DSI\loja-games\public\index.php(37): CodeIgniter\CodeIgniter->run()
#9 C:\Users\julia\Documents\IFRS\DSI\loja-games\system\Commands\Server\rewrite.php(43): require_once('C:\\Users\\julia\\...')
#10 {main}
CRITICAL - 2022-04-28 13:40:39 --> Undefined variable $categoriasProduto
#0 C:\Users\julia\Documents\IFRS\DSI\loja-games\app\Views\categoriaProduto\listagem.php(13): CodeIgniter\Debug\Exceptions->errorHandler(2, 'Undefined varia...', 'C:\\Users\\julia\\...', 13)
#1 C:\Users\julia\Documents\IFRS\DSI\loja-games\system\View\View.php(210): include('C:\\Users\\julia\\...')
#2 C:\Users\julia\Documents\IFRS\DSI\loja-games\system\View\View.php(213): CodeIgniter\View\View->CodeIgniter\View\{closure}()
#3 C:\Users\julia\Documents\IFRS\DSI\loja-games\system\Common.php(1089): CodeIgniter\View\View->render('categoriaProdut...', Array, true)
#4 C:\Users\julia\Documents\IFRS\DSI\loja-games\app\Controllers\CategoriaProduto.php(13): view('categoriaProdut...', Array)
#5 C:\Users\julia\Documents\IFRS\DSI\loja-games\system\CodeIgniter.php(832): App\Controllers\CategoriaProduto->listagem()
#6 C:\Users\julia\Documents\IFRS\DSI\loja-games\system\CodeIgniter.php(419): CodeIgniter\CodeIgniter->runController(Object(App\Controllers\CategoriaProduto))
#7 C:\Users\julia\Documents\IFRS\DSI\loja-games\system\CodeIgniter.php(326): CodeIgniter\CodeIgniter->handleRequest(NULL, Object(Config\Cache), false)
#8 C:\Users\julia\Documents\IFRS\DSI\loja-games\public\index.php(37): CodeIgniter\CodeIgniter->run()
#9 C:\Users\julia\Documents\IFRS\DSI\loja-games\system\Commands\Server\rewrite.php(43): require_once('C:\\Users\\julia\\...')
#10 {main}
CRITICAL - 2022-04-28 13:45:37 --> Undefined variable $categoriasProduto
#0 C:\Users\julia\Documents\IFRS\DSI\loja-games\app\Views\categoriaProduto\listagem.php(13): CodeIgniter\Debug\Exceptions->errorHandler(2, 'Undefined varia...', 'C:\\Users\\julia\\...', 13)
#1 C:\Users\julia\Documents\IFRS\DSI\loja-games\system\View\View.php(210): include('C:\\Users\\julia\\...')
#2 C:\Users\julia\Documents\IFRS\DSI\loja-games\system\View\View.php(213): CodeIgniter\View\View->CodeIgniter\View\{closure}()
#3 C:\Users\julia\Documents\IFRS\DSI\loja-games\system\Common.php(1089): CodeIgniter\View\View->render('categoriaProdut...', Array, true)
#4 C:\Users\julia\Documents\IFRS\DSI\loja-games\app\Controllers\CategoriaProduto.php(13): view('categoriaProdut...', Array)
#5 C:\Users\julia\Documents\IFRS\DSI\loja-games\system\CodeIgniter.php(832): App\Controllers\CategoriaProduto->listagem()
#6 C:\Users\julia\Documents\IFRS\DSI\loja-games\system\CodeIgniter.php(419): CodeIgniter\CodeIgniter->runController(Object(App\Controllers\CategoriaProduto))
#7 C:\Users\julia\Documents\IFRS\DSI\loja-games\system\CodeIgniter.php(326): CodeIgniter\CodeIgniter->handleRequest(NULL, Object(Config\Cache), false)
#8 C:\Users\julia\Documents\IFRS\DSI\loja-games\public\index.php(37): CodeIgniter\CodeIgniter->run()
#9 C:\Users\julia\Documents\IFRS\DSI\loja-games\system\Commands\Server\rewrite.php(43): require_once('C:\\Users\\julia\\...')
#10 {main}
CRITICAL - 2022-04-28 13:45:38 --> Undefined variable $categoriasProduto
#0 C:\Users\julia\Documents\IFRS\DSI\loja-games\app\Views\categoriaProduto\listagem.php(13): CodeIgniter\Debug\Exceptions->errorHandler(2, 'Undefined varia...', 'C:\\Users\\julia\\...', 13)
#1 C:\Users\julia\Documents\IFRS\DSI\loja-games\system\View\View.php(210): include('C:\\Users\\julia\\...')
#2 C:\Users\julia\Documents\IFRS\DSI\loja-games\system\View\View.php(213): CodeIgniter\View\View->CodeIgniter\View\{closure}()
#3 C:\Users\julia\Documents\IFRS\DSI\loja-games\system\Common.php(1089): CodeIgniter\View\View->render('categoriaProdut...', Array, true)
#4 C:\Users\julia\Documents\IFRS\DSI\loja-games\app\Controllers\CategoriaProduto.php(13): view('categoriaProdut...', Array)
#5 C:\Users\julia\Documents\IFRS\DSI\loja-games\system\CodeIgniter.php(832): App\Controllers\CategoriaProduto->listagem()
#6 C:\Users\julia\Documents\IFRS\DSI\loja-games\system\CodeIgniter.php(419): CodeIgniter\CodeIgniter->runController(Object(App\Controllers\CategoriaProduto))
#7 C:\Users\julia\Documents\IFRS\DSI\loja-games\system\CodeIgniter.php(326): CodeIgniter\CodeIgniter->handleRequest(NULL, Object(Config\Cache), false)
#8 C:\Users\julia\Documents\IFRS\DSI\loja-games\public\index.php(37): CodeIgniter\CodeIgniter->run()
#9 C:\Users\julia\Documents\IFRS\DSI\loja-games\system\Commands\Server\rewrite.php(43): require_once('C:\\Users\\julia\\...')
#10 {main}
CRITICAL - 2022-04-28 13:45:55 --> There is no data to insert.
#0 C:\Users\julia\Documents\IFRS\DSI\loja-games\system\BaseModel.php(718): CodeIgniter\Database\Exceptions\DataException::forEmptyDataset('insert')
#1 C:\Users\julia\Documents\IFRS\DSI\loja-games\system\Model.php(625): CodeIgniter\BaseModel->insert(Array, true)
#2 C:\Users\julia\Documents\IFRS\DSI\loja-games\app\Models\CategoriaGameModel.php(24): CodeIgniter\Model->insert(Array)
#3 C:\Users\julia\Documents\IFRS\DSI\loja-games\app\Controllers\CategoriaProduto.php(31): App\Models\CategoriaGameModel->insereCategoriaGame(Array)
#4 C:\Users\julia\Documents\IFRS\DSI\loja-games\system\CodeIgniter.php(832): App\Controllers\CategoriaProduto->cadastra()
#5 C:\Users\julia\Documents\IFRS\DSI\loja-games\system\CodeIgniter.php(419): CodeIgniter\CodeIgniter->runController(Object(App\Controllers\CategoriaProduto))
#6 C:\Users\julia\Documents\IFRS\DSI\loja-games\system\CodeIgniter.php(326): CodeIgniter\CodeIgniter->handleRequest(NULL, Object(Config\Cache), false)
#7 C:\Users\julia\Documents\IFRS\DSI\loja-games\public\index.php(37): CodeIgniter\CodeIgniter->run()
#8 C:\Users\julia\Documents\IFRS\DSI\loja-games\system\Commands\Server\rewrite.php(43): require_once('C:\\Users\\julia\\...')
#9 {main}
CRITICAL - 2022-04-28 13:49:35 --> There is no data to insert.
#0 C:\Users\julia\Documents\IFRS\DSI\loja-games\system\BaseModel.php(718): CodeIgniter\Database\Exceptions\DataException::forEmptyDataset('insert')
#1 C:\Users\julia\Documents\IFRS\DSI\loja-games\system\Model.php(625): CodeIgniter\BaseModel->insert(Array, true)
#2 C:\Users\julia\Documents\IFRS\DSI\loja-games\app\Models\CategoriaGameModel.php(24): CodeIgniter\Model->insert(Array)
#3 C:\Users\julia\Documents\IFRS\DSI\loja-games\app\Controllers\CategoriaProduto.php(31): App\Models\CategoriaGameModel->insereCategoriaGame(Array)
#4 C:\Users\julia\Documents\IFRS\DSI\loja-games\system\CodeIgniter.php(832): App\Controllers\CategoriaProduto->cadastra()
#5 C:\Users\julia\Documents\IFRS\DSI\loja-games\system\CodeIgniter.php(419): CodeIgniter\CodeIgniter->runController(Object(App\Controllers\CategoriaProduto))
#6 C:\Users\julia\Documents\IFRS\DSI\loja-games\system\CodeIgniter.php(326): CodeIgniter\CodeIgniter->handleRequest(NULL, Object(Config\Cache), false)
#7 C:\Users\julia\Documents\IFRS\DSI\loja-games\public\index.php(37): CodeIgniter\CodeIgniter->run()
#8 C:\Users\julia\Documents\IFRS\DSI\loja-games\system\Commands\Server\rewrite.php(43): require_once('C:\\Users\\julia\\...')
#9 {main}
CRITICAL - 2022-04-28 13:51:07 --> There is no data to insert.
#0 C:\Users\julia\Documents\IFRS\DSI\loja-games\system\BaseModel.php(718): CodeIgniter\Database\Exceptions\DataException::forEmptyDataset('insert')
#1 C:\Users\julia\Documents\IFRS\DSI\loja-games\system\Model.php(625): CodeIgniter\BaseModel->insert(Array, true)
#2 C:\Users\julia\Documents\IFRS\DSI\loja-games\app\Models\CategoriaGameModel.php(24): CodeIgniter\Model->insert(Array)
#3 C:\Users\julia\Documents\IFRS\DSI\loja-games\app\Controllers\CategoriaProduto.php(31): App\Models\CategoriaGameModel->insereCategoriaGame(Array)
#4 C:\Users\julia\Documents\IFRS\DSI\loja-games\system\CodeIgniter.php(832): App\Controllers\CategoriaProduto->cadastra()
#5 C:\Users\julia\Documents\IFRS\DSI\loja-games\system\CodeIgniter.php(419): CodeIgniter\CodeIgniter->runController(Object(App\Controllers\CategoriaProduto))
#6 C:\Users\julia\Documents\IFRS\DSI\loja-games\system\CodeIgniter.php(326): CodeIgniter\CodeIgniter->handleRequest(NULL, Object(Config\Cache), false)
#7 C:\Users\julia\Documents\IFRS\DSI\loja-games\public\index.php(37): CodeIgniter\CodeIgniter->run()
#8 C:\Users\julia\Documents\IFRS\DSI\loja-games\system\Commands\Server\rewrite.php(43): require_once('C:\\Users\\julia\\...')
#9 {main}
